21:40:53 INFO  : Launching XSCT server: xsct -n -sdx -interactive /home/centos/src/project_data/aws-fpga/SDAccel/examples/xilinx_2018.3/getting_started/host/smith_waterman_3/temp_xsdb_launch_script.tcl
21:40:53 INFO  : Registering command handlers for SDx TCF services
21:40:53 INFO  : Registering command handlers for SDK TCF services
21:40:55 INFO  : Validating SDSoC License...
21:40:55 INFO  : License for SDSoC is unavailable
21:40:55 INFO  : Validating SDAccel License...
21:40:55 INFO  : License available for SDAccel
21:40:56 INFO  : XSCT server has started successfully.
21:40:57 INFO  : plnx-install-location is set to ''
21:40:57 INFO  : Successfully done setting XSCT server connection channel  
21:40:57 INFO  : Successfully done setting SDK workspace  
21:40:57 INFO  : Successfully done query RDI_DATADIR 
21:42:26 INFO  : The system project 'Hello_World_system' is closed. Opening the project to add application project 'Hello_World'
21:42:26 ERROR : The following application project(s) included in the system project 'smith_waterman_3_system' are missing from the workspace.
Please import the applications using 'File -> Import -> Existing Projects into Workspace' option or delete the application project entries from the system project settings editor.

 1. smith_waterman_3
21:45:30 INFO  : Registering command handlers for SDx TCF services
21:45:30 INFO  : Registering command handlers for SDK TCF services
21:45:30 INFO  : Launching XSCT server: xsct -n -sdx -interactive /home/centos/src/project_data/aws-fpga/SDAccel/examples/xilinx_2018.3/getting_started/host/smith_waterman_3/temp_xsdb_launch_script.tcl
21:45:31 INFO  : Validating SDSoC License...
21:45:31 INFO  : License for SDSoC is unavailable
21:45:31 INFO  : Validating SDAccel License...
21:45:31 INFO  : License available for SDAccel
21:45:33 INFO  : XSCT server has started successfully.
21:45:33 INFO  : Successfully done setting XSCT server connection channel  
21:45:33 INFO  : plnx-install-location is set to ''
21:45:33 INFO  : Successfully done setting SDK workspace  
21:45:33 INFO  : Successfully done query RDI_DATADIR 
21:47:16 INFO  : Launching XSCT server: xsct -n -sdx -interactive /home/centos/src/project_data/aws-fpga/SDAccel/examples/xilinx_2018.3/getting_started/host/smith_waterman_3/temp_xsdb_launch_script.tcl
21:47:16 INFO  : Registering command handlers for SDx TCF services
21:47:16 INFO  : Registering command handlers for SDK TCF services
21:47:17 INFO  : Validating SDSoC License...
21:47:17 INFO  : License for SDSoC is unavailable
21:47:17 INFO  : Validating SDAccel License...
21:47:17 INFO  : License available for SDAccel
21:47:19 INFO  : XSCT server has started successfully.
21:47:19 INFO  : Successfully done setting XSCT server connection channel  
21:47:19 INFO  : plnx-install-location is set to ''
21:47:19 INFO  : Successfully done setting SDK workspace  
21:47:19 INFO  : Successfully done query RDI_DATADIR 
21:52:27 INFO  : Launching executable: Emulation-SW/smith_waterman_3.exe ../binary_container_1.xclbin
22:05:16 INFO  : Launching executable: Emulation-SW/smith_waterman_3.exe ../binary_container_1.xclbin
22:07:01 INFO  : Registering command handlers for SDx TCF services
22:07:01 INFO  : Registering command handlers for SDK TCF services
22:07:01 INFO  : Launching XSCT server: xsct -n -sdx -interactive /home/centos/src/project_data/aws-fpga/SDAccel/examples/xilinx_2018.3/getting_started/host/smith_waterman_3/temp_xsdb_launch_script.tcl
22:07:02 INFO  : Validating SDSoC License...
22:07:02 INFO  : License for SDSoC is unavailable
22:07:02 INFO  : Validating SDAccel License...
22:07:02 INFO  : License available for SDAccel
22:07:04 INFO  : XSCT server has started successfully.
22:07:04 INFO  : plnx-install-location is set to ''
22:07:04 INFO  : Successfully done setting XSCT server connection channel  
22:07:04 INFO  : Successfully done setting SDK workspace  
22:07:04 INFO  : Successfully done query RDI_DATADIR 
22:08:02 INFO  : Registering command handlers for SDx TCF services
22:08:02 INFO  : Launching XSCT server: xsct -n -sdx -interactive /home/centos/src/project_data/aws-fpga/SDAccel/examples/xilinx_2018.3/getting_started/host/smith_waterman_3/temp_xsdb_launch_script.tcl
22:08:02 INFO  : Registering command handlers for SDK TCF services
22:08:03 INFO  : Validating SDSoC License...
22:08:03 INFO  : License for SDSoC is unavailable
22:08:03 INFO  : Validating SDAccel License...
22:08:03 INFO  : License available for SDAccel
22:08:05 INFO  : XSCT server has started successfully.
22:08:05 INFO  : Successfully done setting XSCT server connection channel  
22:08:05 INFO  : plnx-install-location is set to ''
22:08:05 INFO  : Successfully done setting SDK workspace  
22:08:05 INFO  : Successfully done query RDI_DATADIR 
22:08:35 INFO  : Launching executable: Emulation-SW/smith_waterman_3.exe ../binary_container_1.xclbin
22:09:19 INFO  : Launching executable: Emulation-SW/smith_waterman_3.exe ../binary_container_1.xclbin
22:10:17 INFO  : Launching executable: Emulation-SW/smith_waterman_3.exe ../binary_container_1.xclbin
