[OPTRACE]|140024777680896|1|OPTraceCPP|cpp|1568584200061|START|xocc|ROLLUP_0
[OPTRACE]|140024777680896|2|OPTraceCPP|cpp|1568584200061|START|Validate Kernels|
[OPTRACE]|140024777680896|3|OPTraceCPP|cpp|1568584200249|END|Validate Kernels|
[OPTRACE]|140024777680896|4|OPTraceCPP|cpp|1568584200249|START|OCL_LINK|
[OPTRACE]|140024777680896|5|OPTraceCPP|cpp|1568584200249|START|CreateSolution|
[OPTRACE]|140024777680896|6|OPTraceCPP|cpp|1568584200253|END|CreateSolution|
[OPTRACE]|140024777680896|7|OPTraceCPP|cpp|1568584200253|START|AddDevice|
[OPTRACE]|140024777680896|8|OPTraceCPP|cpp|1568584200253|START|Find & load device|
[OPTRACE]|140024777680896|9|OPTraceCPP|cpp|1568584200305|END|Find & load device|
[OPTRACE]|140024777680896|10|OPTraceCPP|cpp|1568584208936|END|AddDevice|
[OPTRACE]|140024777680896|11|OPTraceCPP|cpp|1568584208936|START|CreateBinary|
[OPTRACE]|140024777680896|12|OPTraceCPP|cpp|1568584208937|END|CreateBinary|
[OPTRACE]|140024777680896|13|OPTraceCPP|cpp|1568584208937|START|Extract Kernels|
[OPTRACE]|140024777680896|14|OPTraceCPP|cpp|1568584208941|END|Extract Kernels|
[OPTRACE]|140024777680896|15|OPTraceCPP|cpp|1568584208944|START|regiongen_0|ROLLUP_AUTO
[OPTRACE]|140024777680896|16|OPTraceCPP|cpp|1568584209663|END|regiongen_0|ROLLUP_AUTO
[OPTRACE]|140024777680896|17|OPTraceCPP|cpp|1568584209664|START|gcc_1|ROLLUP_AUTO
[OPTRACE]|140024777680896|18|OPTraceCPP|cpp|1568584209773|END|gcc_1|ROLLUP_AUTO
[OPTRACE]|140024777680896|19|OPTraceCPP|cpp|1568584209774|START|ar_2|ROLLUP_AUTO
[OPTRACE]|140024777680896|20|OPTraceCPP|cpp|1568584209782|END|ar_2|ROLLUP_AUTO
[OPTRACE]|140024777680896|21|OPTraceCPP|cpp|1568584209782|START|g++_3|ROLLUP_AUTO
[OPTRACE]|140024777680896|22|OPTraceCPP|cpp|1568584211243|END|g++_3|ROLLUP_AUTO
[OPTRACE]|140024777680896|23|OPTraceCPP|cpp|1568584211243|START|g++_4|ROLLUP_AUTO
[OPTRACE]|140024777680896|24|OPTraceCPP|cpp|1568584211389|END|g++_4|ROLLUP_AUTO
[OPTRACE]|140024777680896|25|OPTraceCPP|cpp|1568584211391|START|xclbinutil_5|ROLLUP_AUTO
[OPTRACE]|140024777680896|26|OPTraceCPP|cpp|1568584211405|END|xclbinutil_5|ROLLUP_AUTO
[OPTRACE]|140024777680896|27|OPTraceCPP|cpp|1568584211405|START|xclbinutil_6|ROLLUP_AUTO
[OPTRACE]|140024777680896|28|OPTraceCPP|cpp|1568584211410|END|xclbinutil_6|ROLLUP_AUTO
[OPTRACE]|140024777680896|29|OPTraceCPP|cpp|1568584211410|END|OCL_LINK|
[OPTRACE]|140024777680896|30|OPTraceCPP|cpp|1568584211412|END|xocc|
