# 
# Steps log generated by SDx
# This log file contains a collection of steps that describe the kernel compilation flow
# Note: Some steps are tagged as internal, these steps are for debugging purposes and 
#       are not expected to be able to run independently.
# 

# The following environment variables are set when running xocc
Environment variables :
------------------------------------------
DCV_GL_DISPLAY=:0.0
LIBOVERLAY_SCROLLBAR=0
_RDI_DONT_SET_XILINX_AS_PATH=True
XDG_SESSION_ID=c2
SSH_AGENT_PID=3525
HOSTNAME=ip-172-31-16-103.us-west-2.compute.internal
IMSETTINGS_INTEGRATE_DESKTOP=yes
_LMFILES__modshare=/usr/local/Modules/modulefiles/sdx:1
MODULEPATH_modshare=/usr/local/Modules/modulefiles:1
TERM=xterm-256color
XILINX_DSP=
XDG_MENU_PREFIX=gnome-
VTE_VERSION=5202
SHELL=/bin/bash
HISTSIZE=1000
MAKEFLAGS= --jobserver-fds=3,4 -j
XILINX_RS_SESSION=480748b0-289a-4591-8721-698d9e941e09
MYVIVADO=
GNOME_TERMINAL_SCREEN=/org/gnome/Terminal/screen/d469e206_6b23_4d10_882a_88c2e8753ef4
RDI_VERBOSE=0
RDI_TPS_ROOT=/opt/Xilinx/Vivado/2018.3.op2405991/tps/lnx64
HDI_PROCESSOR=x86_64
SYNTH_COMMON=/opt/Xilinx/SDx/2018.3.op2405991/scripts/rt/data
SWT_GTK3=0
RDI_JAVA_VERSION=9.0.4
RT_TCL_PATH=/opt/Xilinx/SDx/2018.3.op2405991/scripts/rt/base_tcl/tcl
IMSETTINGS_MODULE=none
RDI_PREPEND_PATH=/opt/Xilinx/SDK/2018.3.op2405991/bin:/opt/Xilinx/SDK/2018.3.op2405991/bin
USER=centos
RDI_OPT_EXT=.o
LD_LIBRARY_PATH=/opt/Xilinx/SDx/2018.3.op2405991/lib/lnx64.o/Default:/opt/Xilinx/SDx/2018.3.op2405991/lib/lnx64.o:/opt/Xilinx/SDx/2018.3.op2405991/tps/lnx64/jre9.0.4/lib/:/opt/Xilinx/SDx/2018.3.op2405991/tps/lnx64/jre9.0.4/lib//server:/opt/Xilinx/SDx/2018.3.op2405991/lib/lnx64.o/Default:/opt/Xilinx/SDx/2018.3.op2405991/lib/lnx64.o:/opt/Xilinx/SDx/2018.3.op2405991/lib/lnx64.o/Default:/opt/Xilinx/SDx/2018.3.op2405991/lib/lnx64.o:/opt/Xilinx/SDx/2018.3.op2405991/tps/lnx64/jre9.0.4/lib/:/opt/Xilinx/SDx/2018.3.op2405991/tps/lnx64/jre9.0.4/lib//server:/opt/Xilinx/SDK/2018.3.op2405991/lib/lnx64.o:/opt/Xilinx/SDx/2018.3.op2405991/lib/lnx64.o/Default:/opt/Xilinx/SDx/2018.3.op2405991/lib/lnx64.o:/opt/xilinx/xrt/lib::/opt/Xilinx/SDx/2018.3.op2405991/bin/../lnx64/tools/dot/lib:/opt/Xilinx/SDx/2018.3.op2405991/bin/../lnx64/tools/dot/lib
LS_COLORS=rs=0:di=38;5;27:ln=38;5;51:mh=44;38;5;15:pi=40;38;5;11:so=38;5;13:do=38;5;5:bd=48;5;232;38;5;11:cd=48;5;232;38;5;3:or=48;5;232;38;5;9:mi=05;48;5;232;38;5;15:su=48;5;196;38;5;15:sg=48;5;11;38;5;16:ca=48;5;196;38;5;226:tw=48;5;10;38;5;16:ow=48;5;10;38;5;21:st=48;5;21;38;5;15:ex=38;5;34:*.tar=38;5;9:*.tgz=38;5;9:*.arc=38;5;9:*.arj=38;5;9:*.taz=38;5;9:*.lha=38;5;9:*.lz4=38;5;9:*.lzh=38;5;9:*.lzma=38;5;9:*.tlz=38;5;9:*.txz=38;5;9:*.tzo=38;5;9:*.t7z=38;5;9:*.zip=38;5;9:*.z=38;5;9:*.Z=38;5;9:*.dz=38;5;9:*.gz=38;5;9:*.lrz=38;5;9:*.lz=38;5;9:*.lzo=38;5;9:*.xz=38;5;9:*.bz2=38;5;9:*.bz=38;5;9:*.tbz=38;5;9:*.tbz2=38;5;9:*.tz=38;5;9:*.deb=38;5;9:*.rpm=38;5;9:*.jar=38;5;9:*.war=38;5;9:*.ear=38;5;9:*.sar=38;5;9:*.rar=38;5;9:*.alz=38;5;9:*.ace=38;5;9:*.zoo=38;5;9:*.cpio=38;5;9:*.7z=38;5;9:*.rz=38;5;9:*.cab=38;5;9:*.jpg=38;5;13:*.jpeg=38;5;13:*.gif=38;5;13:*.bmp=38;5;13:*.pbm=38;5;13:*.pgm=38;5;13:*.ppm=38;5;13:*.tga=38;5;13:*.xbm=38;5;13:*.xpm=38;5;13:*.tif=38;5;13:*.tiff=38;5;13:*.png=38;5;13:*.svg=38;5;13:*.svgz=38;5;13:*.mng=38;5;13:*.pcx=38;5;13:*.mov=38;5;13:*.mpg=38;5;13:*.mpeg=38;5;13:*.m2v=38;5;13:*.mkv=38;5;13:*.webm=38;5;13:*.ogm=38;5;13:*.mp4=38;5;13:*.m4v=38;5;13:*.mp4v=38;5;13:*.vob=38;5;13:*.qt=38;5;13:*.nuv=38;5;13:*.wmv=38;5;13:*.asf=38;5;13:*.rm=38;5;13:*.rmvb=38;5;13:*.flc=38;5;13:*.avi=38;5;13:*.fli=38;5;13:*.flv=38;5;13:*.gl=38;5;13:*.dl=38;5;13:*.xcf=38;5;13:*.xwd=38;5;13:*.yuv=38;5;13:*.cgm=38;5;13:*.emf=38;5;13:*.axv=38;5;13:*.anx=38;5;13:*.ogv=38;5;13:*.ogx=38;5;13:*.aac=38;5;45:*.au=38;5;45:*.flac=38;5;45:*.mid=38;5;45:*.midi=38;5;45:*.mka=38;5;45:*.mp3=38;5;45:*.mpc=38;5;45:*.ogg=38;5;45:*.ra=38;5;45:*.wav=38;5;45:*.axa=38;5;45:*.oga=38;5;45:*.spx=38;5;45:*.xspf=38;5;45
GNOME_TERMINAL_SERVICE=:1.96
RDI_PATCHROOT=
ENV=/usr/local/Modules/init/profile.sh
TCL_LIBRARY=/opt/Xilinx/SDx/2018.3.op2405991/tps/tcl/tcl8.5
OXYGEN_DISABLE_INNER_SHADOWS_HACK=1
SSH_AUTH_SOCK=/run/user/1000/keyring/ssh
RDI_PLATFORM=lnx64
MAKELEVEL=1
SESSION_MANAGER=local/unix:@/tmp/.ICE-unix/3278,unix/unix:/tmp/.ICE-unix/3278
MFLAGS=- --jobserver-fds=3,4 -j
RDI_BUILD=yes
DCV_SESSION_ID=centos
RT_LIBPATH=/opt/Xilinx/SDx/2018.3.op2405991/scripts/rt/data
GDK_SCALE=1
RDI_LIBDIR=/opt/Xilinx/SDx/2018.3.op2405991/lib/lnx64.o/Default:/opt/Xilinx/SDx/2018.3.op2405991/lib/lnx64.o
GNOME_SHELL_SESSION_MODE=classic
MAIL=/var/spool/mail/centos
PATH=/opt/Xilinx/Vivado/2018.3.op2405991/tps/lnx64/binutils-2.26/bin:/opt/Xilinx/SDK/2018.3.op2405991/gnu/aarch64/lin/aarch64-linux/bin:/opt/Xilinx/SDx/2018.3.op2405991/bin/../gnu/ppc64le/4.9.3/lnx64/bin:/opt/Xilinx/SDK/2018.3.op2405991/gnu/aarch32/lin/gcc-arm-linux-gnueabi/bin:/opt/Xilinx/Vivado/2018.3.op2405991/tps/lnx64/gcc-6.2.0/bin:/opt/Xilinx/SDx/2018.3.op2405991/bin:/opt/Xilinx/SDx/2018.3.op2405991/tps/lnx64/jre9.0.4/bin:/opt/Xilinx/SDK/2018.3.op2405991/bin:/opt/Xilinx/Vivado/2018.3.op2405991/bin:/opt/Xilinx/SDK/2018.3.op2405991/gnu/microblaze/lin/bin:/opt/Xilinx/SDK/2018.3.op2405991/gnu/microblaze/linux_toolchain/lin64_le/bin:/opt/Xilinx/SDK/2018.3.op2405991/gnu/microblaze/linux_toolchain/lin64_be/bin:/opt/Xilinx/SDK/2018.3.op2405991/gnu/arm/lin/bin:/opt/Xilinx/SDK/2018.3.op2405991/gnu/aarch64/lin/aarch64-none/bin:/opt/Xilinx/SDK/2018.3.op2405991/gnu/aarch64/lin/aarch64-linux/bin:/opt/Xilinx/SDK/2018.3.op2405991/gnu/armr5/lin/gcc-arm-none-eabi/bin:/opt/Xilinx/SDK/2018.3.op2405991/gnu/aarch32/lin/gcc-arm-none-eabi/bin:/opt/Xilinx/SDK/2018.3.op2405991/gnu/aarch32/lin/gcc-arm-linux-gnueabi/bin:/opt/Xilinx/SDK/2018.3.op2405991/tps/lnx64/cmake-3.3.2/bin::/opt/xilinx/xrt/bin:/usr/local/Modules/bin:/usr/local/bin:/bin:/usr/bin:/usr/local/sbin:/usr/sbin:/srv/git/centos-git-common:/home/centos/.local/bin:/home/centos/bin
QT_IM_MODULE=xim
XILINX_XRT=/opt/xilinx/xrt
PWD=/home/centos/src/project_data/aws-fpga/SDAccel/examples/xilinx_2018.3/getting_started/host/smith_waterman_3/Emulation-SW
XDG_SESSION_TYPE=x11
_LMFILES_=/usr/local/Modules/modulefiles/sdx
XMODIFIERS=@im=none
XIL_CHECK_TCL_DEBUG=False
LANG=en_US.UTF-8
XILINX_VIVADO_HLS=/opt/Xilinx/Vivado/2018.3.op2405991
HDI_APPROOT=/opt/Xilinx/SDx/2018.3.op2405991
MODULEPATH=/usr/local/Modules/modulefiles
LOADEDMODULES=sdx
PYTHONHOME=/opt/Xilinx/SDx/2018.3.op2405991/tps/lnx64/python-2.7.5/
XILINX_VIVADO=/opt/Xilinx/Vivado/2018.3.op2405991
XILINX_SDK=/opt/Xilinx/SDK/2018.3.op2405991
HISTCONTROL=ignoredups
XILINX_OPENCL=/opt/Xilinx/SDx/2018.3.op2405991
ISL_IOSTREAMS_RSA=/opt/Xilinx/SDx/2018.3.op2405991/tps/isl
PATH_modshare=/bin:1:/usr/sbin:1:/opt/Xilinx/SDx/2018.3.op2405991/bin:1:/usr/bin:1:/usr/local/sbin:1:/opt/Xilinx/Vivado/2018.3.op2405991/bin:1:/usr/local/Modules/bin:1:/usr/local/bin:1:/srv/git/centos-git-common:1
SHLVL=12
HOME=/home/centos
RDI_BASEROOT=/opt/Xilinx/SDx
CWD=/home/centos/src/project_data/aws-fpga/SDAccel/examples/xilinx_2018.3/getting_started/host/smith_waterman_3/Emulation-SW
RDI_APPROOT=/opt/Xilinx/SDx/2018.3.op2405991
BASH_ENV=/usr/local/Modules/init/bash
PYTHONPATH=/opt/Xilinx/SDx/2018.3.op2405991/tps/lnx64/python-2.7.5/lib/python2.7/lib-dynload/:/opt/Xilinx/SDx/2018.3.op2405991/tps/lnx64/python-2.7.5/lib/python2.7/
LOGNAME=centos
RDI_JAVA_PLATFORM=
DBUS_SESSION_BUS_ADDRESS=unix:abstract=/tmp/dbus-bbUoUwUK6s,guid=b9c6b5bd69772ad9f5b089375d7eabfa
RDI_BINROOT=/opt/Xilinx/SDx/2018.3.op2405991/bin
XDG_DATA_DIRS=/home/centos/.local/share/flatpak/exports/share:/var/lib/flatpak/exports/share:/usr/local/share:/usr/share
MODULESHOME=/usr/local/Modules
LESSOPEN=||/usr/bin/lesspipe.sh %s
XILINX_SDX=/opt/Xilinx/SDx/2018.3.op2405991
LOADEDMODULES_modshare=sdx:1
RDI_PROG=/opt/Xilinx/SDx/2018.3.op2405991/bin/unwrapped/lnx64.o/xocc
XIL_NO_OVERRIDE=0
DISPLAY=:1
XDG_RUNTIME_DIR=/run/user/1000
XIL_SUPPRESS_OVERRIDE_WARNINGS=1
DCV_VIRTUAL_SESSION=1
AWS_FPGA_REPO_DIR=/home/centos/src/project_data/aws-fpga
XILINX_PLANAHEAD=/opt/Xilinx/SDx/2018.3.op2405991
XDG_CURRENT_DESKTOP=GNOME
GTK_IM_MODULE=gtk-im-context-simple
HDIPRELDPATH=/opt/Xilinx/SDx/2018.3.op2405991/lib/lnx64.o/Default:/opt/Xilinx/SDx/2018.3.op2405991/lib/lnx64.o:/opt/Xilinx/SDx/2018.3.op2405991/lib/lnx64.o/Default:/opt/Xilinx/SDx/2018.3.op2405991/lib/lnx64.o:/opt/Xilinx/SDx/2018.3.op2405991/tps/lnx64/jre9.0.4/lib/:/opt/Xilinx/SDx/2018.3.op2405991/tps/lnx64/jre9.0.4/lib//server:/opt/Xilinx/SDK/2018.3.op2405991/lib/lnx64.o:/opt/Xilinx/SDx/2018.3.op2405991/lib/lnx64.o/Default:/opt/Xilinx/SDx/2018.3.op2405991/lib/lnx64.o:/opt/xilinx/xrt/lib::/opt/Xilinx/SDx/2018.3.op2405991/bin/../lnx64/tools/dot/lib:/opt/Xilinx/SDx/2018.3.op2405991/bin/../lnx64/tools/dot/lib
RDI_INSTALLVER=2018.3.op2405991
XILINX_RS_PORT=39508
RDI_INSTALLROOT=/opt/Xilinx
COLORTERM=truecolor
RDI_DATADIR=/opt/Xilinx/SDx/2018.3.op2405991/data
XAUTHORITY=/run/user/1000/dcv/centos.xauth
BASH_FUNC_module()=() {  eval `/usr/bin/tclsh /usr/local/Modules/libexec/modulecmd.tcl bash $*`
}
BASH_FUNC_switchml()=() {  typeset swfound=1;
 if [ "$MODULES_USE_COMPAT_VERSION" = '1' ]; then
 typeset swname='main';
 if [ -e /usr/local/Modules/libexec/modulecmd.tcl ]; then
 typeset swfound=0;
 unset MODULES_USE_COMPAT_VERSION;
 fi;
 else
 typeset swname='compatibility';
 if [ -e /usr/local/Modules/libexec/modulecmd-compat ]; then
 typeset swfound=0;
 MODULES_USE_COMPAT_VERSION=1;
 export MODULES_USE_COMPAT_VERSION;
 fi;
 fi;
 if [ $swfound -eq 0 ]; then
 echo "Switching to Modules $swname version";
 source /usr/local/Modules/init/bash;
 else
 echo "Cannot switch to Modules $swname version, command not found";
 return 1;
 fi
}
BASH_FUNC__moduleraw()=() {  eval `/usr/bin/tclsh /usr/local/Modules/libexec/modulecmd.tcl bash $*`
}
_=/opt/Xilinx/SDx/2018.3.op2405991/bin/unwrapped/lnx64.o/xocc


XOCC command line :
------------------------------------------
/opt/Xilinx/SDx/2018.3.op2405991/bin/unwrapped/lnx64.o/xocc -t sw_emu --platform /home/centos/src/project_data/aws-fpga/SDAccel/aws_platform/xilinx_aws-vu9p-f1-04261818_dynamic_5_0/xilinx_aws-vu9p-f1-04261818_dynamic_5_0.xpfm --save-temps -c -k compute_matrices -g --messageDb binary_container_1/compute_matrices.mdb -I../src --xp misc:solution_name=compute_matrices --temp_dir binary_container_1 --report_dir binary_container_1/reports --log_dir binary_container_1/logs -obinary_container_1/compute_matrices.xo ../src/compute_matrices.cpp 
  Options from -O      :  --xp "misc:report=type report_timing_summary name impl_report_timing_summary_route_design_summary steps {route_design} runs {impl_1} options {-max_paths 10}" --xp "vivado_prop:run.__KERNEL__.{STEPS.SYNTH_DESIGN.ARGS.MORE OPTIONS}={-directive sdx_optimization_effort_high}"
  Options from xocc.ini: 
  Options from DSA     : 

Target platform : /home/centos/src/project_data/aws-fpga/SDAccel/aws_platform/xilinx_aws-vu9p-f1-04261818_dynamic_5_0/xilinx_aws-vu9p-f1-04261818_dynamic_5_0.xpfm


------------------------------------------
step: performing high-level synthesis for kernel:compute_matrices
timestamp: 15 Sep 2019 21:49:58
launch dir: /home/centos/src/project_data/aws-fpga/SDAccel/examples/xilinx_2018.3/getting_started/host/smith_waterman_3/Emulation-SW/binary_container_1/compute_matrices/compute_matrices
cmd: vivado_hls -f /home/centos/src/project_data/aws-fpga/SDAccel/examples/xilinx_2018.3/getting_started/host/smith_waterman_3/Emulation-SW/binary_container_1/compute_matrices/compute_matrices/compute_matrices.tcl -messageDb vivado_hls.pb
------------------------------------------
XOCC internal step: generating system estimate report file
timestamp: 15 Sep 2019 21:49:58
output: /home/centos/src/project_data/aws-fpga/SDAccel/examples/xilinx_2018.3/getting_started/host/smith_waterman_3/Emulation-SW/binary_container_1/reports/compute_matrices/system_estimate_compute_matrices.xtxt
